<?xml version="1.0" encoding="UTF-8"?>
<testng-results skipped="0" failed="0" ignored="0" total="1" passed="1">
  <reporter-output>
  </reporter-output>
  <suite name="Default suite" duration-ms="16349" started-at="2018-05-08T01:20:04Z" finished-at="2018-05-08T01:20:21Z">
    <groups>
    </groups>
    <test name="Default test" duration-ms="16349" started-at="2018-05-08T01:20:04Z" finished-at="2018-05-08T01:20:21Z">
      <class name="com.BusyQa.Hipaat.TestCases.BeHO_TC_006">
        <test-method status="PASS" signature="setUp()[pri:0, instance:com.BusyQa.Hipaat.TestCases.BeHO_TC_006@6737fd8f]" name="setUp" is-config="true" duration-ms="10387" started-at="2018-05-07T21:20:04Z" finished-at="2018-05-07T21:20:15Z">
          <reporter-output>
          </reporter-output>
        </test-method> <!-- setUp -->
        <test-method status="PASS" signature="TC_006_purposeofuse()[pri:0, instance:com.BusyQa.Hipaat.TestCases.BeHO_TC_006@6737fd8f]" name="TC_006_purposeofuse" duration-ms="5295" started-at="2018-05-07T21:20:15Z" finished-at="2018-05-07T21:20:20Z">
          <reporter-output>
          </reporter-output>
        </test-method> <!-- TC_006_purposeofuse -->
        <test-method status="PASS" signature="tearDown()[pri:0, instance:com.BusyQa.Hipaat.TestCases.BeHO_TC_006@6737fd8f]" name="tearDown" is-config="true" duration-ms="634" started-at="2018-05-07T21:20:20Z" finished-at="2018-05-07T21:20:21Z">
          <reporter-output>
          </reporter-output>
        </test-method> <!-- tearDown -->
        <test-method status="PASS" signature="getScreenShot(org.testng.ITestResult)[pri:0, instance:com.BusyQa.Hipaat.TestCases.BeHO_TC_006@6737fd8f]" name="getScreenShot" is-config="true" duration-ms="1" started-at="2018-05-07T21:20:21Z" finished-at="2018-05-07T21:20:21Z">
          <params>
            <param index="0">
              <value>
                <![CDATA[[TestResult name=TC_006_purposeofuse status=SUCCESS method=BeHO_TC_006.TC_006_purposeofuse()[pri:0, instance:com.BusyQa.Hipaat.TestCases.BeHO_TC_006@6737fd8f] output={null}]]]>
              </value>
            </param>
          </params>
          <reporter-output>
          </reporter-output>
        </test-method> <!-- getScreenShot -->
      </class> <!-- com.BusyQa.Hipaat.TestCases.BeHO_TC_006 -->
    </test> <!-- Default test -->
  </suite> <!-- Default suite -->
</testng-results>
