<?xml version="1.0" encoding="UTF-8"?>
<!-- Generated by org.testng.reporters.JUnitXMLReporter -->
<testsuite ignored="0" hostname="Farnaaz-PC" failures="0" tests="12" name="Regression tests" time="225.451" errors="0" timestamp="07 May 2018 16:57:29 GMT">
  <testcase classname="com.BusyQa.Hipaat.TestCases.BeHO_TC_001" name="TC_001_policycreation" time="16.417"/>
  <testcase classname="com.BusyQa.Hipaat.TestCases.BeHO_TC_006" name="TC_006_purposeofuse" time="5.795"/>
  <testcase classname="com.BusyQa.Hipaat.TestCases.BeHO_TC_007" name="TC_007_conflictpolicy" time="52.006"/>
  <testcase classname="com.BusyQa.Hipaat.TestCases.BeHO_TC_008" name="TC_008_verifySearch" time="10.286"/>
  <testcase classname="com.BusyQa.Hipaat.TestCases.BeHO_TC_009" name="TC_009_verifyacknowldg" time="0.196"/>
  <testcase classname="com.BusyQa.Hipaat.TestCases.BeHO_TC_011" name="TC_011_verifyScheduling" time="0.229"/>
  <testcase classname="com.BusyQa.Hipaat.TestCases.BeHO_TC_016" name="TC_016_ActivePoliciesReport" time="0.077"/>
  <testcase classname="com.BusyQa.Hipaat.TestCases.BeHO_TC_017" name="TC_017_auditReport" time="0.16"/>
  <testcase classname="com.BusyQa.Hipaat.TestCases.BeHO_TC_018" name="TC_018_verifybase53Error" time="0.17"/>
  <testcase classname="com.BusyQa.Hipaat.TestCases.BeHO_TC_020" name="TC_020_verifyHelp_Security" time="0.222"/>
  <testcase classname="com.BusyQa.Hipaat.TestCases.BeHO_TC_021" name="TC_021_verifyHelp_Patientpage" time="0.142"/>
  <testcase classname="com.BusyQa.Hipaat.TestCases.BeHO_TC_022" name="TC_022_verifyHelp_Reportpage" time="0.09"/>
</testsuite> <!-- Regression tests -->
